/data/user/sstray/rad130/featurelist520.hdf5
/data/user/sstray/rad130/featurelist421.hdf5
/data/user/sstray/rad130/featurelist886.hdf5
/data/user/sstray/rad130/featurelist417.hdf5
/data/user/sstray/rad130/featurelist291.hdf5
/data/user/sstray/rad130/featurelist238.hdf5
/data/user/sstray/rad130/featurelist209.hdf5
/data/user/sstray/rad130/featurelist776.hdf5
/data/user/sstray/rad130/featurelist404.hdf5
/data/user/sstray/rad130/featurelist944.hdf5
/data/user/sstray/rad130/featurelist120.hdf5
/data/user/sstray/rad130/featurelist740.hdf5
/data/user/sstray/rad130/featurelist680.hdf5
/data/user/sstray/rad130/featurelist13.hdf5
/data/user/sstray/rad130/featurelist135.hdf5
/data/user/sstray/rad130/featurelist487.hdf5
/data/user/sstray/rad130/featurelist523.hdf5
/data/user/sstray/rad130/featurelist46.hdf5
/data/user/sstray/rad130/featurelist319.hdf5
/data/user/sstray/rad130/featurelist41.hdf5
/data/user/sstray/rad130/featurelist19.hdf5
/data/user/sstray/rad130/featurelist92.hdf5
/data/user/sstray/rad130/featurelist217.hdf5
/data/user/sstray/rad130/featurelist820.hdf5
/data/user/sstray/rad130/featurelist218.hdf5
/data/user/sstray/rad130/featurelist877.hdf5
/data/user/sstray/rad130/featurelist202.hdf5
/data/user/sstray/rad130/featurelist308.hdf5
/data/user/sstray/rad130/featurelist557.hdf5
/data/user/sstray/rad130/featurelist122.hdf5
/data/user/sstray/rad130/featurelist997.hdf5
/data/user/sstray/rad130/featurelist818.hdf5
/data/user/sstray/rad130/featurelist34.hdf5
/data/user/sstray/rad130/featurelist242.hdf5
/data/user/sstray/rad130/featurelist127.hdf5
/data/user/sstray/rad130/featurelist545.hdf5
/data/user/sstray/rad130/featurelist597.hdf5
/data/user/sstray/rad130/featurelist106.hdf5
/data/user/sstray/rad130/featurelist714.hdf5
/data/user/sstray/rad130/featurelist910.hdf5
/data/user/sstray/rad130/featurelist759.hdf5
/data/user/sstray/rad130/featurelist244.hdf5
/data/user/sstray/rad130/featurelist605.hdf5
/data/user/sstray/rad130/featurelist381.hdf5
/data/user/sstray/rad130/featurelist86.hdf5
/data/user/sstray/rad130/featurelist113.hdf5
/data/user/sstray/rad130/featurelist368.hdf5
/data/user/sstray/rad130/featurelist441.hdf5
/data/user/sstray/rad130/featurelist47.hdf5
/data/user/sstray/rad130/featurelist139.hdf5
Appended...
9012510
Starting RIDE calc...
3405
0
100
200
300
400
500
600
700
800
900
1000
1100
1200
1300
1400
1500
1600
1700
1800
1900
2000
2100
2200
2300
2400
2500
2600
2700
2800
2900
3000
3100
3200
3300
3400
Calculating RIDE...
