Grouping
Grouping and concatenating
Grouping and concatenating
Grouping and concatenating
Grouping and concatenating
Grouping and concatenating
Grouping and concatenating
Grouping and concatenating
Grouping and concatenating
Grouping and concatenating
Grouping and concatenating
Grouping and concatenating
Grouping and concatenating
Grouping and concatenating
Grouping and concatenating
Grouping and concatenating
Grouping and concatenating
Grouping and concatenating
Grouping and concatenating
Grouping and concatenating
Grouping and concatenating
Grouping and concatenating
Grouping and concatenating
Grouping and concatenating
Grouping and concatenating
Grouping and concatenating
Grouping and concatenating
Grouping and concatenating
Grouping and concatenating
Grouping and concatenating
Grouping and concatenating
Grouping and concatenating
Grouping and concatenating
Grouping and concatenating
Grouping and concatenating
Grouping and concatenating
Grouping and concatenating
Grouping and concatenating
Grouping and concatenating
Grouping and concatenating
Grouping and concatenating
Grouping and concatenating
Grouping and concatenating
Grouping and concatenating
Grouping and concatenating
Grouping and concatenating
Grouping and concatenating
Grouping and concatenating
Grouping and concatenating
Grouping and concatenating
Grouping and concatenating
Grouping and concatenating
Grouping and concatenating
Grouping and concatenating
Grouping and concatenating
Grouping and concatenating
Grouping and concatenating
Grouping and concatenating
Grouping and concatenating
Grouping and concatenating
Grouping and concatenating
Grouping and concatenating
Grouping and concatenating
Grouping and concatenating
Grouping and concatenating
Grouping and concatenating
Grouping and concatenating
Grouping and concatenating
Grouping and concatenating
Grouping and concatenating
Grouping and concatenating
Grouping and concatenating
Grouping and concatenating
Grouping and concatenating
Grouping and concatenating
Grouping and concatenating
Grouping and concatenating
Grouping and concatenating
Grouping and concatenating
Grouping and concatenating
Grouping and concatenating
Grouping and concatenating
Grouping and concatenating
Grouping and concatenating
Grouping and concatenating
Grouping and concatenating
Grouping and concatenating
Grouping and concatenating
Grouping and concatenating
Grouping and concatenating
Grouping and concatenating
Grouping and concatenating
Grouping and concatenating
Grouping and concatenating
Grouping and concatenating
Grouping and concatenating
Grouping and concatenating
Grouping and concatenating
Grouping and concatenating
Grouping and concatenating
(10602, 150, 7)
(10602, 7)
3666.0
